<?xml version="1.0" encoding="UTF-8"?>
<testsuite xmlns:xsi="http://www.w3.org/2001/XMLSchema-instance" xsi:noNamespaceSchemaLocation="https://maven.apache.org/surefire/maven-surefire-plugin/xsd/surefire-test-report.xsd" name="org.example.ejemplos.models.CuentaTest" time="5.318" tests="67" errors="2" skipped="4" failures="8">
  <properties>
[...]
</properties>
  <testcase name="testCreditoCuenta" classname="org.example.ejemplos.models.CuentaTest" time="0.024"/>
  <testcase name="testDineroInsuficienteExceptionCuenta" classname="org.example.ejemplos.models.CuentaTest" time="0.001"/>
  <testcase name="testSaldoCuentaDev" classname="org.example.ejemplos.models.CuentaTest" time="0">
    <skipped message="Assumption failed: assumption is not true" type="org.opentest4j.TestAbortedException">org.opentest4j.TestAbortedException: Assumption failed: assumption is not true
	at org.example.ejemplos.models.CuentaTest.testSaldoCuentaDev(CuentaTest.java:343)
</skipped>
    <system-out><![CDATA[Iniciando el metodo.
Finalizando test unitario
]]></system-out>
  </testcase>
  <testcase name="testDebitoCuenta" classname="org.example.ejemplos.models.CuentaTest" time="0"/>
  <testcase name="TestAccountName" classname="org.example.ejemplos.models.CuentaTest" time="0.001"/>
  <testcase name="testTransferirDineroCuentas" classname="org.example.ejemplos.models.CuentaTest" time="0"/>
  <testcase name="testSaldoCuenta" classname="org.example.ejemplos.models.CuentaTest" time="0.001"/>
  <testcase name="testSaldoCuentaDevRepetitivo[1]" classname="org.example.ejemplos.models.CuentaTest" time="0.002"/>
  <testcase name="testSaldoCuentaDevRepetitivo[2]" classname="org.example.ejemplos.models.CuentaTest" time="0.001"/>
  <testcase name="testSaldoCuentaDevRepetitivo[3]" classname="org.example.ejemplos.models.CuentaTest" time="0.001"/>
  <testcase name="testSaldoCuentaDevRepetitivo[4]" classname="org.example.ejemplos.models.CuentaTest" time="0.001"/>
  <testcase name="testSaldoCuentaDevRepetitivo[5]" classname="org.example.ejemplos.models.CuentaTest" time="0.001"/>
  <testcase name="testSaldoCuentaDevRepetitivoInfo{RepetitionInfo}[1]" classname="org.example.ejemplos.models.CuentaTest" time="0.001"/>
  <testcase name="testSaldoCuentaDevRepetitivoInfo{RepetitionInfo}[2]" classname="org.example.ejemplos.models.CuentaTest" time="0"/>
  <testcase name="testSaldoCuentaDevRepetitivoInfo{RepetitionInfo}[3]" classname="org.example.ejemplos.models.CuentaTest" time="0.001"/>
  <testcase name="testSaldoCuentaDevRepetitivoInfo{RepetitionInfo}[4]" classname="org.example.ejemplos.models.CuentaTest" time="0.001"/>
  <testcase name="testSaldoCuentaDevRepetitivoInfo{RepetitionInfo}[5]" classname="org.example.ejemplos.models.CuentaTest" time="0"/>
  <testcase name="testReferences" classname="org.example.ejemplos.models.CuentaTest" time="0"/>
  <testcase name="testSaldoCuentaDev2" classname="org.example.ejemplos.models.CuentaTest" time="0"/>
  <testcase name="testAssertAll2" classname="org.example.ejemplos.models.CuentaTest" time="0.003"/>
  <testcase name="testRelacionBancoCuentas" classname="org.example.ejemplos.models.CuentaTest" time="0.001"/>
  <testcase name="testDebitoCuentaMethodSource{String}[1]" classname="org.example.ejemplos.models.CuentaTest" time="0.012"/>
  <testcase name="testDebitoCuentaMethodSource{String}[2]" classname="org.example.ejemplos.models.CuentaTest" time="0"/>
  <testcase name="testDebitoCuentaMethodSource{String}[3]" classname="org.example.ejemplos.models.CuentaTest" time="0"/>
  <testcase name="testDebitoCuentaMethodSource{String}[4]" classname="org.example.ejemplos.models.CuentaTest" time="0"/>
  <testcase name="testDebitoCuentaMethodSource{String}[5]" classname="org.example.ejemplos.models.CuentaTest" time="0"/>
  <testcase name="testDebitoCuentaMethodSource{String}[6]" classname="org.example.ejemplos.models.CuentaTest" time="0"/>
  <testcase name="testAssertAll" classname="org.example.ejemplos.models.CuentaTest" time="0">
    <skipped message="void org.example.ejemplos.models.CuentaTest.testAssertAll() is @Disabled"/>
  </testcase>
  <testcase name="pruebaTimeout2" classname="org.example.ejemplos.models.CuentaTest$EjemploTimeoutTest" time="1.004">
    <error message="pruebaTimeout2() timed out after 1000 milliseconds" type="java.util.concurrent.TimeoutException">java.util.concurrent.TimeoutException: pruebaTimeout2() timed out after 1000 milliseconds
</error>
    <system-out><![CDATA[Iniciando el metodo.
Finalizando test unitario
]]></system-out>
  </testcase>
  <testcase name="testTimeoutAssertions" classname="org.example.ejemplos.models.CuentaTest$EjemploTimeoutTest" time="4.007"/>
  <testcase name="pruebaTimeout" classname="org.example.ejemplos.models.CuentaTest$EjemploTimeoutTest" time="0.108"/>
  <testcase name="testDebitoCuentaCsvSource2{String, String, String, String}[1]" classname="org.example.ejemplos.models.CuentaTest$PruebasParametizadasTest" time="0.002">
    <failure message="expected: &lt;John&gt; but was: &lt;Andres&gt;" type="org.opentest4j.AssertionFailedError"><![CDATA[org.opentest4j.AssertionFailedError: expected: <John> but was: <Andres>
	at org.example.ejemplos.models.CuentaTest$PruebasParametizadasTest.testDebitoCuentaCsvSource2(CuentaTest.java:457)
]]></failure>
    <system-out><![CDATA[Iniciando el metodo.
200 -> 100
Finalizando test unitario
]]></system-out>
  </testcase>
  <testcase name="testDebitoCuentaCsvSource2{String, String, String, String}[2]" classname="org.example.ejemplos.models.CuentaTest$PruebasParametizadasTest" time="0.001"/>
  <testcase name="testDebitoCuentaCsvSource2{String, String, String, String}[3]" classname="org.example.ejemplos.models.CuentaTest$PruebasParametizadasTest" time="0.001">
    <failure message="expected: &lt;maria&gt; but was: &lt;Maria&gt;" type="org.opentest4j.AssertionFailedError"><![CDATA[org.opentest4j.AssertionFailedError: expected: <maria> but was: <Maria>
	at org.example.ejemplos.models.CuentaTest$PruebasParametizadasTest.testDebitoCuentaCsvSource2(CuentaTest.java:457)
]]></failure>
    <system-out><![CDATA[Iniciando el metodo.
300 -> 300
Finalizando test unitario
]]></system-out>
  </testcase>
  <testcase name="testDebitoCuentaCsvSource2{String, String, String, String}[4]" classname="org.example.ejemplos.models.CuentaTest$PruebasParametizadasTest" time="0.001"/>
  <testcase name="testDebitoCuentaCsvSource2{String, String, String, String}[5]" classname="org.example.ejemplos.models.CuentaTest$PruebasParametizadasTest" time="0.001">
    <failure message="expected: &lt;Lucas&gt; but was: &lt;Luca&gt;" type="org.opentest4j.AssertionFailedError"><![CDATA[org.opentest4j.AssertionFailedError: expected: <Lucas> but was: <Luca>
	at org.example.ejemplos.models.CuentaTest$PruebasParametizadasTest.testDebitoCuentaCsvSource2(CuentaTest.java:457)
]]></failure>
    <system-out><![CDATA[Iniciando el metodo.
750 -> 700
Finalizando test unitario
]]></system-out>
  </testcase>
  <testcase name="testDebitoCuentaCsvSource2{String, String, String, String}[6]" classname="org.example.ejemplos.models.CuentaTest$PruebasParametizadasTest" time="0.001">
    <failure message="expected: &lt;true&gt; but was: &lt;false&gt;" type="org.opentest4j.AssertionFailedError"><![CDATA[org.opentest4j.AssertionFailedError: expected: <true> but was: <false>
	at org.example.ejemplos.models.CuentaTest$PruebasParametizadasTest.testDebitoCuentaCsvSource2(CuentaTest.java:458)
]]></failure>
    <system-out><![CDATA[Iniciando el metodo.
1000.12345 -> 1000.12345
Finalizando test unitario
]]></system-out>
  </testcase>
  <testcase name="testDebitoCuentaCsvSource{String, String}[1]" classname="org.example.ejemplos.models.CuentaTest$PruebasParametizadasTest" time="0.001"/>
  <testcase name="testDebitoCuentaCsvSource{String, String}[2]" classname="org.example.ejemplos.models.CuentaTest$PruebasParametizadasTest" time="0.001"/>
  <testcase name="testDebitoCuentaCsvSource{String, String}[3]" classname="org.example.ejemplos.models.CuentaTest$PruebasParametizadasTest" time="0.001"/>
  <testcase name="testDebitoCuentaCsvSource{String, String}[4]" classname="org.example.ejemplos.models.CuentaTest$PruebasParametizadasTest" time="0.001"/>
  <testcase name="testDebitoCuentaCsvSource{String, String}[5]" classname="org.example.ejemplos.models.CuentaTest$PruebasParametizadasTest" time="0.001"/>
  <testcase name="testDebitoCuentaCsvSource{String, String}[6]" classname="org.example.ejemplos.models.CuentaTest$PruebasParametizadasTest" time="0.001"/>
  <testcase name="testDebitoCuentaCsvFileSource{String}[1]" classname="org.example.ejemplos.models.CuentaTest$PruebasParametizadasTest" time="0"/>
  <testcase name="testDebitoCuentaCsvFileSource{String}[2]" classname="org.example.ejemplos.models.CuentaTest$PruebasParametizadasTest" time="0"/>
  <testcase name="testDebitoCuentaCsvFileSource{String}[3]" classname="org.example.ejemplos.models.CuentaTest$PruebasParametizadasTest" time="0"/>
  <testcase name="testDebitoCuentaCsvFileSource{String}[4]" classname="org.example.ejemplos.models.CuentaTest$PruebasParametizadasTest" time="0"/>
  <testcase name="testDebitoCuentaCsvFileSource{String}[5]" classname="org.example.ejemplos.models.CuentaTest$PruebasParametizadasTest" time="0"/>
  <testcase name="testDebitoCuentaCsvFileSource{String}[6]" classname="org.example.ejemplos.models.CuentaTest$PruebasParametizadasTest" time="0"/>
  <testcase name="testDebitoCuentaCsvFileSource{String}[7]" classname="org.example.ejemplos.models.CuentaTest$PruebasParametizadasTest" time="0"/>
  <testcase name="testDebitoCuentaCsvFileSource2{String, String, String, String}[1]" classname="org.example.ejemplos.models.CuentaTest$PruebasParametizadasTest" time="0.001">
    <failure message="expected: &lt;John&gt; but was: &lt;Andres&gt;" type="org.opentest4j.AssertionFailedError"><![CDATA[org.opentest4j.AssertionFailedError: expected: <John> but was: <Andres>
	at org.example.ejemplos.models.CuentaTest$PruebasParametizadasTest.testDebitoCuentaCsvFileSource2(CuentaTest.java:471)
]]></failure>
    <system-out><![CDATA[Iniciando el metodo.
Finalizando test unitario
]]></system-out>
  </testcase>
  <testcase name="testDebitoCuentaCsvFileSource2{String, String, String, String}[2]" classname="org.example.ejemplos.models.CuentaTest$PruebasParametizadasTest" time="0"/>
  <testcase name="testDebitoCuentaCsvFileSource2{String, String, String, String}[3]" classname="org.example.ejemplos.models.CuentaTest$PruebasParametizadasTest" time="0">
    <failure message="expected: &lt;maria&gt; but was: &lt;Maria&gt;" type="org.opentest4j.AssertionFailedError"><![CDATA[org.opentest4j.AssertionFailedError: expected: <maria> but was: <Maria>
	at org.example.ejemplos.models.CuentaTest$PruebasParametizadasTest.testDebitoCuentaCsvFileSource2(CuentaTest.java:471)
]]></failure>
    <system-out><![CDATA[Iniciando el metodo.
Finalizando test unitario
]]></system-out>
  </testcase>
  <testcase name="testDebitoCuentaCsvFileSource2{String, String, String, String}[4]" classname="org.example.ejemplos.models.CuentaTest$PruebasParametizadasTest" time="0"/>
  <testcase name="testDebitoCuentaCsvFileSource2{String, String, String, String}[5]" classname="org.example.ejemplos.models.CuentaTest$PruebasParametizadasTest" time="0.001">
    <failure message="expected: &lt;Lucas&gt; but was: &lt;Luca&gt;" type="org.opentest4j.AssertionFailedError"><![CDATA[org.opentest4j.AssertionFailedError: expected: <Lucas> but was: <Luca>
	at org.example.ejemplos.models.CuentaTest$PruebasParametizadasTest.testDebitoCuentaCsvFileSource2(CuentaTest.java:471)
]]></failure>
    <system-out><![CDATA[Iniciando el metodo.
Finalizando test unitario
]]></system-out>
  </testcase>
  <testcase name="testDebitoCuentaCsvFileSource2{String, String, String, String}[6]" classname="org.example.ejemplos.models.CuentaTest$PruebasParametizadasTest" time="0.001">
    <failure message="expected: &lt;true&gt; but was: &lt;false&gt;" type="org.opentest4j.AssertionFailedError"><![CDATA[org.opentest4j.AssertionFailedError: expected: <true> but was: <false>
	at org.example.ejemplos.models.CuentaTest$PruebasParametizadasTest.testDebitoCuentaCsvFileSource2(CuentaTest.java:473)
]]></failure>
    <system-out><![CDATA[Iniciando el metodo.
Finalizando test unitario
]]></system-out>
  </testcase>
  <testcase name="testDebitoCuentaParametrizado{String}[1]" classname="org.example.ejemplos.models.CuentaTest$PruebasParametizadasTest" time="0.001"/>
  <testcase name="testDebitoCuentaParametrizado{String}[2]" classname="org.example.ejemplos.models.CuentaTest$PruebasParametizadasTest" time="0.001"/>
  <testcase name="testDebitoCuentaParametrizado{String}[3]" classname="org.example.ejemplos.models.CuentaTest$PruebasParametizadasTest" time="0.001"/>
  <testcase name="testDebitoCuentaParametrizado{String}[4]" classname="org.example.ejemplos.models.CuentaTest$PruebasParametizadasTest" time="0.001">
    <error message="Dinero insuficiente" type="org.example.ejemplos.exceptions.DineroInsuficienteException">org.example.ejemplos.exceptions.DineroInsuficienteException: Dinero insuficiente
	at org.example.ejemplos.models.CuentaTest$PruebasParametizadasTest.testDebitoCuentaParametrizado(CuentaTest.java:419)
</error>
    <system-out><![CDATA[Iniciando el metodo.
Finalizando test unitario
]]></system-out>
  </testcase>
  <testcase name="imprimirVariablesAmbiente" classname="org.example.ejemplos.models.CuentaTest$TestVariablesAmbiente" time="0.005"/>
  <testcase name="propiedadesSistema" classname="org.example.ejemplos.models.CuentaTest$TestPropiedadesSistema" time="0.006"/>
  <testcase name="testSolo64Bits" classname="org.example.ejemplos.models.CuentaTest$TestPropiedadesSistema" time="0"/>
  <testcase name="java11" classname="org.example.ejemplos.models.CuentaTest$TestJRE" time="0">
    <skipped message="Disabled on JRE version: 1.8.0_111"/>
  </testcase>
  <testcase name="java8" classname="org.example.ejemplos.models.CuentaTest$TestJRE" time="0"/>
  <testcase name="testSoloMacLinux" classname="org.example.ejemplos.models.CuentaTest$TestWindows" time="0">
    <skipped message="Disabled on operating system: Windows 10"/>
  </testcase>
  <testcase name="testSoloWindows" classname="org.example.ejemplos.models.CuentaTest$TestWindows" time="0"/>
</testsuite>